<?xml version="1.0" encoding="UTF-8"?>
<!-- Generated by org.testng.reporters.JUnitReportReporter -->
<testsuite hostname="NANI" failures="0" tests="1" name="TestCases.Employee" time="8.661" errors="0" timestamp="2022-06-27T20:45:30 IST" skipped="0">
  <testcase classname="TestCases.Employee" name="Test1_Employee" time="8.661"/>
  <system-out/>
</testsuite> <!-- TestCases.Employee -->
