<?xml version="1.0" encoding="UTF-8"?>
<!-- Generated by org.testng.reporters.JUnitReportReporter -->
<testsuite hostname="NANI" failures="0" tests="1" name="TestCases.Employeeskills" time="28.565" errors="0" timestamp="2022-06-27T20:08:40 IST" skipped="0">
  <testcase classname="TestCases.Employeeskills" name="Test1_Employee" time="28.565"/>
  <system-out/>
</testsuite> <!-- TestCases.Employeeskills -->
